{"D:\\Data\\Official\\OneDrive - Indium Software India Private Limited\\Desktop\\indium-frontend-assessment-\\backend\\src\\data\\inMemoryDB.js": {"path":"D:\\Data\\Official\\OneDrive - Indium Software India Private Limited\\Desktop\\indium-frontend-assessment-\\backend\\src\\data\\inMemoryDB.js","statementMap":{"0":{"start":{"line":1,"column":15},"end":{"line":1,"column":32}},"1":{"start":{"line":2,"column":12},"end":{"line":2,"column":35}},"2":{"start":{"line":5,"column":14},"end":{"line":5,"column":16}},"3":{"start":{"line":6,"column":19},"end":{"line":6,"column":21}},"4":{"start":{"line":9,"column":19},"end":{"line":9,"column":65}},"5":{"start":{"line":11,"column":22},"end":{"line":59,"column":1}},"6":{"start":{"line":14,"column":6},"end":{"line":33,"column":7}},"7":{"start":{"line":15,"column":29},"end":{"line":15,"column":75}},"8":{"start":{"line":15,"column":48},"end":{"line":15,"column":74}},"9":{"start":{"line":16,"column":8},"end":{"line":18,"column":9}},"10":{"start":{"line":17,"column":10},"end":{"line":17,"column":49}},"11":{"start":{"line":20,"column":31},"end":{"line":20,"column":62}},"12":{"start":{"line":21,"column":21},"end":{"line":21,"column":66}},"13":{"start":{"line":22,"column":8},"end":{"line":22,"column":25}},"14":{"start":{"line":24,"column":22},"end":{"line":24,"column":77}},"15":{"start":{"line":25,"column":56},"end":{"line":25,"column":60}},"16":{"start":{"line":27,"column":8},"end":{"line":30,"column":10}},"17":{"start":{"line":32,"column":8},"end":{"line":32,"column":65}},"18":{"start":{"line":36,"column":6},"end":{"line":56,"column":7}},"19":{"start":{"line":37,"column":21},"end":{"line":37,"column":67}},"20":{"start":{"line":37,"column":40},"end":{"line":37,"column":66}},"21":{"start":{"line":38,"column":8},"end":{"line":40,"column":9}},"22":{"start":{"line":39,"column":10},"end":{"line":39,"column":44}},"23":{"start":{"line":42,"column":22},"end":{"line":42,"column":67}},"24":{"start":{"line":43,"column":8},"end":{"line":45,"column":9}},"25":{"start":{"line":44,"column":10},"end":{"line":44,"column":46}},"26":{"start":{"line":47,"column":22},"end":{"line":47,"column":77}},"27":{"start":{"line":48,"column":56},"end":{"line":48,"column":60}},"28":{"start":{"line":50,"column":8},"end":{"line":53,"column":10}},"29":{"start":{"line":55,"column":8},"end":{"line":55,"column":58}},"30":{"start":{"line":61,"column":24},"end":{"line":64,"column":1}},"31":{"start":{"line":62,"column":2},"end":{"line":62,"column":33}},"32":{"start":{"line":63,"column":2},"end":{"line":63,"column":21}},"33":{"start":{"line":66,"column":27},"end":{"line":68,"column":1}},"34":{"start":{"line":67,"column":2},"end":{"line":67,"column":22}},"35":{"start":{"line":70,"column":24},"end":{"line":72,"column":1}},"36":{"start":{"line":71,"column":2},"end":{"line":71,"column":22}},"37":{"start":{"line":74,"column":27},"end":{"line":76,"column":1}},"38":{"start":{"line":75,"column":2},"end":{"line":75,"column":65}},"39":{"start":{"line":75,"column":42},"end":{"line":75,"column":63}},"40":{"start":{"line":79,"column":26},"end":{"line":83,"column":1}},"41":{"start":{"line":80,"column":24},"end":{"line":80,"column":43}},"42":{"start":{"line":81,"column":2},"end":{"line":81,"column":75}},"43":{"start":{"line":81,"column":52},"end":{"line":81,"column":73}},"44":{"start":{"line":82,"column":2},"end":{"line":82,"column":45}},"45":{"start":{"line":85,"column":26},"end":{"line":101,"column":1}},"46":{"start":{"line":86,"column":27},"end":{"line":86,"column":67}},"47":{"start":{"line":86,"column":55},"end":{"line":86,"column":66}},"48":{"start":{"line":87,"column":2},"end":{"line":89,"column":3}},"49":{"start":{"line":88,"column":4},"end":{"line":88,"column":45}},"50":{"start":{"line":91,"column":29},"end":{"line":97,"column":3}},"51":{"start":{"line":99,"column":2},"end":{"line":99,"column":54}},"52":{"start":{"line":100,"column":2},"end":{"line":100,"column":28}},"53":{"start":{"line":103,"column":0},"end":{"line":111,"column":2}}},"fnMap":{"0":{"name":"(anonymous_0)","decl":{"start":{"line":13,"column":14},"end":{"line":13,"column":15}},"loc":{"start":{"line":13,"column":58},"end":{"line":34,"column":5}},"line":13},"1":{"name":"(anonymous_1)","decl":{"start":{"line":15,"column":40},"end":{"line":15,"column":41}},"loc":{"start":{"line":15,"column":48},"end":{"line":15,"column":74}},"line":15},"2":{"name":"(anonymous_2)","decl":{"start":{"line":35,"column":11},"end":{"line":35,"column":12}},"loc":{"start":{"line":35,"column":48},"end":{"line":57,"column":5}},"line":35},"3":{"name":"(anonymous_3)","decl":{"start":{"line":37,"column":32},"end":{"line":37,"column":33}},"loc":{"start":{"line":37,"column":40},"end":{"line":37,"column":66}},"line":37},"4":{"name":"(anonymous_4)","decl":{"start":{"line":61,"column":24},"end":{"line":61,"column":25}},"loc":{"start":{"line":61,"column":41},"end":{"line":64,"column":1}},"line":61},"5":{"name":"(anonymous_5)","decl":{"start":{"line":66,"column":27},"end":{"line":66,"column":28}},"loc":{"start":{"line":66,"column":33},"end":{"line":68,"column":1}},"line":66},"6":{"name":"(anonymous_6)","decl":{"start":{"line":70,"column":24},"end":{"line":70,"column":25}},"loc":{"start":{"line":70,"column":30},"end":{"line":72,"column":1}},"line":70},"7":{"name":"(anonymous_7)","decl":{"start":{"line":74,"column":27},"end":{"line":74,"column":28}},"loc":{"start":{"line":74,"column":35},"end":{"line":76,"column":1}},"line":74},"8":{"name":"(anonymous_8)","decl":{"start":{"line":75,"column":27},"end":{"line":75,"column":28}},"loc":{"start":{"line":75,"column":42},"end":{"line":75,"column":63}},"line":75},"9":{"name":"(anonymous_9)","decl":{"start":{"line":79,"column":26},"end":{"line":79,"column":27}},"loc":{"start":{"line":79,"column":34},"end":{"line":83,"column":1}},"line":79},"10":{"name":"(anonymous_10)","decl":{"start":{"line":81,"column":37},"end":{"line":81,"column":38}},"loc":{"start":{"line":81,"column":52},"end":{"line":81,"column":73}},"line":81},"11":{"name":"(anonymous_11)","decl":{"start":{"line":85,"column":26},"end":{"line":85,"column":27}},"loc":{"start":{"line":85,"column":75},"end":{"line":101,"column":1}},"line":85},"12":{"name":"(anonymous_12)","decl":{"start":{"line":86,"column":50},"end":{"line":86,"column":51}},"loc":{"start":{"line":86,"column":55},"end":{"line":86,"column":66}},"line":86}},"branchMap":{"0":{"loc":{"start":{"line":9,"column":19},"end":{"line":9,"column":65}},"type":"binary-expr","locations":[{"start":{"line":9,"column":19},"end":{"line":9,"column":41}},{"start":{"line":9,"column":45},"end":{"line":9,"column":65}}],"line":9},"1":{"loc":{"start":{"line":16,"column":8},"end":{"line":18,"column":9}},"type":"if","locations":[{"start":{"line":16,"column":8},"end":{"line":18,"column":9}},{"start":{},"end":{}}],"line":16},"2":{"loc":{"start":{"line":38,"column":8},"end":{"line":40,"column":9}},"type":"if","locations":[{"start":{"line":38,"column":8},"end":{"line":40,"column":9}},{"start":{},"end":{}}],"line":38},"3":{"loc":{"start":{"line":43,"column":8},"end":{"line":45,"column":9}},"type":"if","locations":[{"start":{"line":43,"column":8},"end":{"line":45,"column":9}},{"start":{},"end":{}}],"line":43},"4":{"loc":{"start":{"line":87,"column":2},"end":{"line":89,"column":3}},"type":"if","locations":[{"start":{"line":87,"column":2},"end":{"line":89,"column":3}},{"start":{},"end":{}}],"line":87},"5":{"loc":{"start":{"line":93,"column":8},"end":{"line":93,"column":42}},"type":"binary-expr","locations":[{"start":{"line":93,"column":8},"end":{"line":93,"column":28}},{"start":{"line":93,"column":32},"end":{"line":93,"column":42}}],"line":93},"6":{"loc":{"start":{"line":94,"column":8},"end":{"line":94,"column":52}},"type":"binary-expr","locations":[{"start":{"line":94,"column":8},"end":{"line":94,"column":33}},{"start":{"line":94,"column":37},"end":{"line":94,"column":52}}],"line":94},"7":{"loc":{"start":{"line":95,"column":8},"end":{"line":95,"column":38}},"type":"binary-expr","locations":[{"start":{"line":95,"column":8},"end":{"line":95,"column":26}},{"start":{"line":95,"column":30},"end":{"line":95,"column":38}}],"line":95},"8":{"loc":{"start":{"line":96,"column":8},"end":{"line":96,"column":46}},"type":"binary-expr","locations":[{"start":{"line":96,"column":8},"end":{"line":96,"column":30}},{"start":{"line":96,"column":34},"end":{"line":96,"column":46}}],"line":96}},"s":{"0":2,"1":2,"2":2,"3":2,"4":2,"5":2,"6":0,"7":0,"8":0,"9":0,"10":0,"11":0,"12":0,"13":0,"14":0,"15":0,"16":0,"17":0,"18":0,"19":0,"20":0,"21":0,"22":0,"23":0,"24":0,"25":0,"26":0,"27":0,"28":0,"29":0,"30":2,"31":0,"32":0,"33":2,"34":0,"35":2,"36":0,"37":2,"38":0,"39":0,"40":2,"41":0,"42":0,"43":0,"44":0,"45":2,"46":0,"47":0,"48":0,"49":0,"50":0,"51":0,"52":0,"53":2},"f":{"0":0,"1":0,"2":0,"3":0,"4":0,"5":0,"6":0,"7":0,"8":0,"9":0,"10":0,"11":0,"12":0},"b":{"0":[2,2],"1":[0,0],"2":[0,0],"3":[0,0],"4":[0,0],"5":[0,0],"6":[0,0],"7":[0,0],"8":[0,0]},"_coverageSchema":"1a1c01bbd47fc00a2c39e90264f33305004495a9","hash":"8fc6f9e09ac6a544fb205256cbf05e968c50857a"}
,"D:\\Data\\Official\\OneDrive - Indium Software India Private Limited\\Desktop\\indium-frontend-assessment-\\backend\\src\\graphql\\resolvers\\authResolvers.js": {"path":"D:\\Data\\Official\\OneDrive - Indium Software India Private Limited\\Desktop\\indium-frontend-assessment-\\backend\\src\\graphql\\resolvers\\authResolvers.js","statementMap":{"0":{"start":{"line":2,"column":15},"end":{"line":2,"column":32}},"1":{"start":{"line":3,"column":12},"end":{"line":3,"column":35}},"2":{"start":{"line":6,"column":14},"end":{"line":6,"column":16}},"3":{"start":{"line":8,"column":22},"end":{"line":50,"column":1}},"4":{"start":{"line":11,"column":27},"end":{"line":11,"column":67}},"5":{"start":{"line":11,"column":46},"end":{"line":11,"column":66}},"6":{"start":{"line":12,"column":6},"end":{"line":14,"column":7}},"7":{"start":{"line":13,"column":8},"end":{"line":13,"column":47}},"8":{"start":{"line":16,"column":29},"end":{"line":16,"column":60}},"9":{"start":{"line":17,"column":22},"end":{"line":22,"column":7}},"10":{"start":{"line":23,"column":6},"end":{"line":23,"column":26}},"11":{"start":{"line":25,"column":20},"end":{"line":25,"column":71}},"12":{"start":{"line":26,"column":6},"end":{"line":29,"column":8}},"13":{"start":{"line":33,"column":19},"end":{"line":33,"column":59}},"14":{"start":{"line":33,"column":38},"end":{"line":33,"column":58}},"15":{"start":{"line":34,"column":6},"end":{"line":36,"column":7}},"16":{"start":{"line":35,"column":8},"end":{"line":35,"column":46}},"17":{"start":{"line":38,"column":20},"end":{"line":38,"column":65}},"18":{"start":{"line":39,"column":6},"end":{"line":41,"column":7}},"19":{"start":{"line":40,"column":8},"end":{"line":40,"column":44}},"20":{"start":{"line":43,"column":20},"end":{"line":43,"column":68}},"21":{"start":{"line":44,"column":6},"end":{"line":47,"column":8}},"22":{"start":{"line":52,"column":0},"end":{"line":52,"column":31}}},"fnMap":{"0":{"name":"(anonymous_0)","decl":{"start":{"line":10,"column":14},"end":{"line":10,"column":15}},"loc":{"start":{"line":10,"column":74},"end":{"line":30,"column":5}},"line":10},"1":{"name":"(anonymous_1)","decl":{"start":{"line":11,"column":38},"end":{"line":11,"column":39}},"loc":{"start":{"line":11,"column":46},"end":{"line":11,"column":66}},"line":11},"2":{"name":"(anonymous_2)","decl":{"start":{"line":32,"column":11},"end":{"line":32,"column":12}},"loc":{"start":{"line":32,"column":65},"end":{"line":48,"column":5}},"line":32},"3":{"name":"(anonymous_3)","decl":{"start":{"line":33,"column":30},"end":{"line":33,"column":31}},"loc":{"start":{"line":33,"column":38},"end":{"line":33,"column":58}},"line":33}},"branchMap":{"0":{"loc":{"start":{"line":12,"column":6},"end":{"line":14,"column":7}},"type":"if","locations":[{"start":{"line":12,"column":6},"end":{"line":14,"column":7}},{"start":{},"end":{}}],"line":12},"1":{"loc":{"start":{"line":34,"column":6},"end":{"line":36,"column":7}},"type":"if","locations":[{"start":{"line":34,"column":6},"end":{"line":36,"column":7}},{"start":{},"end":{}}],"line":34},"2":{"loc":{"start":{"line":39,"column":6},"end":{"line":41,"column":7}},"type":"if","locations":[{"start":{"line":39,"column":6},"end":{"line":41,"column":7}},{"start":{},"end":{}}],"line":39}},"s":{"0":1,"1":1,"2":1,"3":1,"4":2,"5":1,"6":2,"7":1,"8":1,"9":1,"10":1,"11":1,"12":1,"13":3,"14":3,"15":3,"16":1,"17":2,"18":2,"19":1,"20":1,"21":1,"22":1},"f":{"0":2,"1":1,"2":3,"3":3},"b":{"0":[1,1],"1":[1,2],"2":[1,1]},"_coverageSchema":"1a1c01bbd47fc00a2c39e90264f33305004495a9","hash":"f8c41a56fffb83b87e65053a2d34f037c12fef96"}
,"D:\\Data\\Official\\OneDrive - Indium Software India Private Limited\\Desktop\\indium-frontend-assessment-\\backend\\src\\graphql\\resolvers\\financeResolvers.js": {"path":"D:\\Data\\Official\\OneDrive - Indium Software India Private Limited\\Desktop\\indium-frontend-assessment-\\backend\\src\\graphql\\resolvers\\financeResolvers.js","statementMap":{"0":{"start":{"line":1,"column":31},"end":{"line":1,"column":63}},"1":{"start":{"line":3,"column":25},"end":{"line":33,"column":1}},"2":{"start":{"line":6,"column":27},"end":{"line":6,"column":47}},"3":{"start":{"line":7,"column":6},"end":{"line":7,"column":71}},"4":{"start":{"line":9,"column":24},"end":{"line":9,"column":25}},"5":{"start":{"line":10,"column":26},"end":{"line":10,"column":27}},"6":{"start":{"line":11,"column":21},"end":{"line":11,"column":30}},"7":{"start":{"line":12,"column":6},"end":{"line":12,"column":31}},"8":{"start":{"line":14,"column":6},"end":{"line":21,"column":9}},"9":{"start":{"line":15,"column":8},"end":{"line":19,"column":9}},"10":{"start":{"line":16,"column":10},"end":{"line":16,"column":44}},"11":{"start":{"line":18,"column":10},"end":{"line":18,"column":56}},"12":{"start":{"line":20,"column":8},"end":{"line":20,"column":42}},"13":{"start":{"line":23,"column":22},"end":{"line":23,"column":49}},"14":{"start":{"line":25,"column":6},"end":{"line":30,"column":8}},"15":{"start":{"line":35,"column":0},"end":{"line":35,"column":34}}},"fnMap":{"0":{"name":"(anonymous_0)","decl":{"start":{"line":5,"column":20},"end":{"line":5,"column":21}},"loc":{"start":{"line":5,"column":26},"end":{"line":31,"column":5}},"line":5},"1":{"name":"(anonymous_1)","decl":{"start":{"line":14,"column":27},"end":{"line":14,"column":28}},"loc":{"start":{"line":14,"column":42},"end":{"line":21,"column":7}},"line":14}},"branchMap":{"0":{"loc":{"start":{"line":15,"column":8},"end":{"line":19,"column":9}},"type":"if","locations":[{"start":{"line":15,"column":8},"end":{"line":19,"column":9}},{"start":{"line":17,"column":15},"end":{"line":19,"column":9}}],"line":15}},"s":{"0":1,"1":1,"2":4,"3":4,"4":4,"5":4,"6":4,"7":4,"8":4,"9":8,"10":4,"11":4,"12":8,"13":4,"14":4,"15":1},"f":{"0":4,"1":8},"b":{"0":[4,4]},"_coverageSchema":"1a1c01bbd47fc00a2c39e90264f33305004495a9","hash":"a512011fdb0ea8ccdd07c99b1b44d8fe82dff22d"}
,"D:\\Data\\Official\\OneDrive - Indium Software India Private Limited\\Desktop\\indium-frontend-assessment-\\backend\\src\\graphql\\resolvers\\index.js": {"path":"D:\\Data\\Official\\OneDrive - Indium Software India Private Limited\\Desktop\\indium-frontend-assessment-\\backend\\src\\graphql\\resolvers\\index.js","statementMap":{"0":{"start":{"line":1,"column":22},"end":{"line":1,"column":48}},"1":{"start":{"line":2,"column":25},"end":{"line":2,"column":54}},"2":{"start":{"line":3,"column":29},"end":{"line":3,"column":62}},"3":{"start":{"line":5,"column":18},"end":{"line":16,"column":1}},"4":{"start":{"line":18,"column":0},"end":{"line":18,"column":27}}},"fnMap":{},"branchMap":{},"s":{"0":1,"1":1,"2":1,"3":1,"4":1},"f":{},"b":{},"_coverageSchema":"1a1c01bbd47fc00a2c39e90264f33305004495a9","hash":"91a3713d79c02fcec851ac85f0aaaecf953d562d"}
,"D:\\Data\\Official\\OneDrive - Indium Software India Private Limited\\Desktop\\indium-frontend-assessment-\\backend\\src\\graphql\\resolvers\\transactionResolvers.js": {"path":"D:\\Data\\Official\\OneDrive - Indium Software India Private Limited\\Desktop\\indium-frontend-assessment-\\backend\\src\\graphql\\resolvers\\transactionResolvers.js","statementMap":{"0":{"start":{"line":1,"column":19},"end":{"line":1,"column":51}},"1":{"start":{"line":3,"column":18},"end":{"line":36,"column":1}},"2":{"start":{"line":7,"column":12},"end":{"line":7,"column":48}},"3":{"start":{"line":10,"column":12},"end":{"line":10,"column":53}},"4":{"start":{"line":15,"column":35},"end":{"line":21,"column":13}},"5":{"start":{"line":23,"column":12},"end":{"line":23,"column":62}},"6":{"start":{"line":26,"column":28},"end":{"line":26,"column":60}},"7":{"start":{"line":27,"column":12},"end":{"line":29,"column":13}},"8":{"start":{"line":28,"column":16},"end":{"line":28,"column":57}},"9":{"start":{"line":30,"column":12},"end":{"line":30,"column":26}},"10":{"start":{"line":33,"column":12},"end":{"line":33,"column":93}},"11":{"start":{"line":38,"column":0},"end":{"line":38,"column":27}}},"fnMap":{"0":{"name":"(anonymous_0)","decl":{"start":{"line":5,"column":28},"end":{"line":5,"column":29}},"loc":{"start":{"line":5,"column":40},"end":{"line":8,"column":9}},"line":5},"1":{"name":"(anonymous_1)","decl":{"start":{"line":9,"column":28},"end":{"line":9,"column":29}},"loc":{"start":{"line":9,"column":49},"end":{"line":11,"column":9}},"line":9},"2":{"name":"(anonymous_2)","decl":{"start":{"line":14,"column":27},"end":{"line":14,"column":28}},"loc":{"start":{"line":14,"column":81},"end":{"line":24,"column":9}},"line":14},"3":{"name":"(anonymous_3)","decl":{"start":{"line":25,"column":27},"end":{"line":25,"column":28}},"loc":{"start":{"line":25,"column":48},"end":{"line":31,"column":9}},"line":25},"4":{"name":"(anonymous_4)","decl":{"start":{"line":32,"column":27},"end":{"line":32,"column":28}},"loc":{"start":{"line":32,"column":85},"end":{"line":34,"column":9}},"line":32}},"branchMap":{"0":{"loc":{"start":{"line":27,"column":12},"end":{"line":29,"column":13}},"type":"if","locations":[{"start":{"line":27,"column":12},"end":{"line":29,"column":13}},{"start":{},"end":{}}],"line":27}},"s":{"0":1,"1":1,"2":1,"3":1,"4":1,"5":1,"6":2,"7":2,"8":1,"9":1,"10":1,"11":1},"f":{"0":1,"1":1,"2":1,"3":2,"4":1},"b":{"0":[1,1]},"_coverageSchema":"1a1c01bbd47fc00a2c39e90264f33305004495a9","hash":"2cfdcf0547152fca7bc0ee4c4d24844436aed97c"}
,"D:\\Data\\Official\\OneDrive - Indium Software India Private Limited\\Desktop\\indium-frontend-assessment-\\backend\\src\\graphql\\schema\\authTypes.js": {"path":"D:\\Data\\Official\\OneDrive - Indium Software India Private Limited\\Desktop\\indium-frontend-assessment-\\backend\\src\\graphql\\schema\\authTypes.js","statementMap":{"0":{"start":{"line":1,"column":16},"end":{"line":1,"column":48}},"1":{"start":{"line":3,"column":18},"end":{"line":22,"column":1}},"2":{"start":{"line":24,"column":0},"end":{"line":24,"column":27}}},"fnMap":{},"branchMap":{},"s":{"0":2,"1":2,"2":2},"f":{},"b":{},"_coverageSchema":"1a1c01bbd47fc00a2c39e90264f33305004495a9","hash":"a5e089e9f506a1615295b48230976c31f9a45b09"}
,"D:\\Data\\Official\\OneDrive - Indium Software India Private Limited\\Desktop\\indium-frontend-assessment-\\backend\\src\\graphql\\schema\\financeTypes.js": {"path":"D:\\Data\\Official\\OneDrive - Indium Software India Private Limited\\Desktop\\indium-frontend-assessment-\\backend\\src\\graphql\\schema\\financeTypes.js","statementMap":{"0":{"start":{"line":1,"column":16},"end":{"line":1,"column":48}},"1":{"start":{"line":3,"column":21},"end":{"line":21,"column":1}},"2":{"start":{"line":23,"column":0},"end":{"line":23,"column":30}}},"fnMap":{},"branchMap":{},"s":{"0":2,"1":2,"2":2},"f":{},"b":{},"_coverageSchema":"1a1c01bbd47fc00a2c39e90264f33305004495a9","hash":"6f96b0ce719f4696025048f53c9eef1d4a1facf9"}
,"D:\\Data\\Official\\OneDrive - Indium Software India Private Limited\\Desktop\\indium-frontend-assessment-\\backend\\src\\graphql\\schema\\transactionTypes.js": {"path":"D:\\Data\\Official\\OneDrive - Indium Software India Private Limited\\Desktop\\indium-frontend-assessment-\\backend\\src\\graphql\\schema\\transactionTypes.js","statementMap":{"0":{"start":{"line":1,"column":16},"end":{"line":1,"column":48}},"1":{"start":{"line":3,"column":25},"end":{"line":21,"column":1}},"2":{"start":{"line":23,"column":0},"end":{"line":23,"column":34}}},"fnMap":{},"branchMap":{},"s":{"0":2,"1":2,"2":2},"f":{},"b":{},"_coverageSchema":"1a1c01bbd47fc00a2c39e90264f33305004495a9","hash":"ee4efe92efc3fffbf6cc2e432d084d4562a69a42"}
,"D:\\Data\\Official\\OneDrive - Indium Software India Private Limited\\Desktop\\indium-frontend-assessment-\\backend\\src\\graphql\\schema\\typeDefs.js": {"path":"D:\\Data\\Official\\OneDrive - Indium Software India Private Limited\\Desktop\\indium-frontend-assessment-\\backend\\src\\graphql\\schema\\typeDefs.js","statementMap":{"0":{"start":{"line":1,"column":16},"end":{"line":1,"column":48}},"1":{"start":{"line":2,"column":18},"end":{"line":2,"column":40}},"2":{"start":{"line":3,"column":21},"end":{"line":3,"column":46}},"3":{"start":{"line":4,"column":25},"end":{"line":4,"column":54}},"4":{"start":{"line":6,"column":17},"end":{"line":52,"column":1}},"5":{"start":{"line":54,"column":0},"end":{"line":54,"column":26}}},"fnMap":{},"branchMap":{},"s":{"0":1,"1":1,"2":1,"3":1,"4":1,"5":1},"f":{},"b":{},"_coverageSchema":"1a1c01bbd47fc00a2c39e90264f33305004495a9","hash":"50f74d09bc29ddc0f10ad20c85ed29b0c65ded7c"}
,"D:\\Data\\Official\\OneDrive - Indium Software India Private Limited\\Desktop\\indium-frontend-assessment-\\backend\\src\\middlewares\\authMiddleware.js": {"path":"D:\\Data\\Official\\OneDrive - Indium Software India Private Limited\\Desktop\\indium-frontend-assessment-\\backend\\src\\middlewares\\authMiddleware.js","statementMap":{"0":{"start":{"line":1,"column":12},"end":{"line":1,"column":35}},"1":{"start":{"line":2,"column":23},"end":{"line":2,"column":34}},"2":{"start":{"line":4,"column":23},"end":{"line":18,"column":1}},"3":{"start":{"line":5,"column":16},"end":{"line":5,"column":44}},"4":{"start":{"line":7,"column":2},"end":{"line":9,"column":3}},"5":{"start":{"line":8,"column":4},"end":{"line":8,"column":69}},"6":{"start":{"line":11,"column":2},"end":{"line":17,"column":3}},"7":{"start":{"line":12,"column":20},"end":{"line":12,"column":49}},"8":{"start":{"line":13,"column":4},"end":{"line":13,"column":23}},"9":{"start":{"line":14,"column":4},"end":{"line":14,"column":11}},"10":{"start":{"line":16,"column":4},"end":{"line":16,"column":43}},"11":{"start":{"line":20,"column":0},"end":{"line":20,"column":32}}},"fnMap":{"0":{"name":"(anonymous_0)","decl":{"start":{"line":4,"column":23},"end":{"line":4,"column":24}},"loc":{"start":{"line":4,"column":43},"end":{"line":18,"column":1}},"line":4}},"branchMap":{"0":{"loc":{"start":{"line":7,"column":2},"end":{"line":9,"column":3}},"type":"if","locations":[{"start":{"line":7,"column":2},"end":{"line":9,"column":3}},{"start":{},"end":{}}],"line":7}},"s":{"0":1,"1":1,"2":1,"3":3,"4":3,"5":1,"6":2,"7":2,"8":0,"9":0,"10":2,"11":1},"f":{"0":3},"b":{"0":[1,2]},"_coverageSchema":"1a1c01bbd47fc00a2c39e90264f33305004495a9","hash":"e9806efbc6781d45a9053f0bc0f42737cd809450"}
}
