TN:
SF:src\data\inMemoryDB.js
FN:13,(anonymous_0)
FN:15,(anonymous_1)
FN:35,(anonymous_2)
FN:37,(anonymous_3)
FN:61,(anonymous_4)
FN:66,(anonymous_5)
FN:70,(anonymous_6)
FN:74,(anonymous_7)
FN:75,(anonymous_8)
FN:79,(anonymous_9)
FN:81,(anonymous_10)
FN:85,(anonymous_11)
FN:86,(anonymous_12)
FNF:13
FNH:0
FNDA:0,(anonymous_0)
FNDA:0,(anonymous_1)
FNDA:0,(anonymous_2)
FNDA:0,(anonymous_3)
FNDA:0,(anonymous_4)
FNDA:0,(anonymous_5)
FNDA:0,(anonymous_6)
FNDA:0,(anonymous_7)
FNDA:0,(anonymous_8)
FNDA:0,(anonymous_9)
FNDA:0,(anonymous_10)
FNDA:0,(anonymous_11)
FNDA:0,(anonymous_12)
DA:1,2
DA:2,2
DA:5,2
DA:6,2
DA:9,2
DA:11,2
DA:14,0
DA:15,0
DA:16,0
DA:17,0
DA:20,0
DA:21,0
DA:22,0
DA:24,0
DA:25,0
DA:27,0
DA:32,0
DA:36,0
DA:37,0
DA:38,0
DA:39,0
DA:42,0
DA:43,0
DA:44,0
DA:47,0
DA:48,0
DA:50,0
DA:55,0
DA:61,2
DA:62,0
DA:63,0
DA:66,2
DA:67,0
DA:70,2
DA:71,0
DA:74,2
DA:75,0
DA:79,2
DA:80,0
DA:81,0
DA:82,0
DA:85,2
DA:86,0
DA:87,0
DA:88,0
DA:91,0
DA:99,0
DA:100,0
DA:103,2
LF:49
LH:13
BRDA:9,0,0,2
BRDA:9,0,1,2
BRDA:16,1,0,0
BRDA:16,1,1,0
BRDA:38,2,0,0
BRDA:38,2,1,0
BRDA:43,3,0,0
BRDA:43,3,1,0
BRDA:87,4,0,0
BRDA:87,4,1,0
BRDA:93,5,0,0
BRDA:93,5,1,0
BRDA:94,6,0,0
BRDA:94,6,1,0
BRDA:95,7,0,0
BRDA:95,7,1,0
BRDA:96,8,0,0
BRDA:96,8,1,0
BRF:18
BRH:2
end_of_record
TN:
SF:src\graphql\resolvers\authResolvers.js
FN:10,(anonymous_0)
FN:11,(anonymous_1)
FN:32,(anonymous_2)
FN:33,(anonymous_3)
FNF:4
FNH:4
FNDA:2,(anonymous_0)
FNDA:1,(anonymous_1)
FNDA:3,(anonymous_2)
FNDA:3,(anonymous_3)
DA:2,1
DA:3,1
DA:6,1
DA:8,1
DA:11,2
DA:12,2
DA:13,1
DA:16,1
DA:17,1
DA:23,1
DA:25,1
DA:26,1
DA:33,3
DA:34,3
DA:35,1
DA:38,2
DA:39,2
DA:40,1
DA:43,1
DA:44,1
DA:52,1
LF:21
LH:21
BRDA:12,0,0,1
BRDA:12,0,1,1
BRDA:34,1,0,1
BRDA:34,1,1,2
BRDA:39,2,0,1
BRDA:39,2,1,1
BRF:6
BRH:6
end_of_record
TN:
SF:src\graphql\resolvers\financeResolvers.js
FN:5,(anonymous_0)
FN:14,(anonymous_1)
FNF:2
FNH:2
FNDA:4,(anonymous_0)
FNDA:8,(anonymous_1)
DA:1,1
DA:3,1
DA:6,4
DA:7,4
DA:9,4
DA:10,4
DA:11,4
DA:12,4
DA:14,4
DA:15,8
DA:16,4
DA:18,4
DA:20,8
DA:23,4
DA:25,4
DA:35,1
LF:16
LH:16
BRDA:15,0,0,4
BRDA:15,0,1,4
BRF:2
BRH:2
end_of_record
TN:
SF:src\graphql\resolvers\index.js
FNF:0
FNH:0
DA:1,1
DA:2,1
DA:3,1
DA:5,1
DA:18,1
LF:5
LH:5
BRF:0
BRH:0
end_of_record
TN:
SF:src\graphql\resolvers\transactionResolvers.js
FN:5,(anonymous_0)
FN:9,(anonymous_1)
FN:14,(anonymous_2)
FN:25,(anonymous_3)
FN:32,(anonymous_4)
FNF:5
FNH:5
FNDA:1,(anonymous_0)
FNDA:1,(anonymous_1)
FNDA:1,(anonymous_2)
FNDA:2,(anonymous_3)
FNDA:1,(anonymous_4)
DA:1,1
DA:3,1
DA:7,1
DA:10,1
DA:15,1
DA:23,1
DA:26,2
DA:27,2
DA:28,1
DA:30,1
DA:33,1
DA:38,1
LF:12
LH:12
BRDA:27,0,0,1
BRDA:27,0,1,1
BRF:2
BRH:2
end_of_record
TN:
SF:src\graphql\schema\authTypes.js
FNF:0
FNH:0
DA:1,2
DA:3,2
DA:24,2
LF:3
LH:3
BRF:0
BRH:0
end_of_record
TN:
SF:src\graphql\schema\financeTypes.js
FNF:0
FNH:0
DA:1,2
DA:3,2
DA:23,2
LF:3
LH:3
BRF:0
BRH:0
end_of_record
TN:
SF:src\graphql\schema\transactionTypes.js
FNF:0
FNH:0
DA:1,2
DA:3,2
DA:23,2
LF:3
LH:3
BRF:0
BRH:0
end_of_record
TN:
SF:src\graphql\schema\typeDefs.js
FNF:0
FNH:0
DA:1,1
DA:2,1
DA:3,1
DA:4,1
DA:6,1
DA:54,1
LF:6
LH:6
BRF:0
BRH:0
end_of_record
TN:
SF:src\middlewares\authMiddleware.js
FN:4,(anonymous_0)
FNF:1
FNH:1
FNDA:3,(anonymous_0)
DA:1,1
DA:2,1
DA:4,1
DA:5,3
DA:7,3
DA:8,1
DA:11,2
DA:12,2
DA:13,0
DA:14,0
DA:16,2
DA:20,1
LF:12
LH:10
BRDA:7,0,0,1
BRDA:7,0,1,2
BRF:2
BRH:2
end_of_record
